2018-03-29 22:50:56,934 - __main__ - INFO - Reading train file
2018-03-29 22:51:30,277 - __main__ - INFO - Reading train file
2018-03-29 22:51:51,928 - __main__ - INFO - Reading test file
2018-03-29 22:52:23,694 - __main__ - INFO - Generating train and validation sets
2018-03-29 22:52:24,573 - __main__ - INFO - check model performance on validation set
2018-03-29 22:53:28,151 - __main__ - INFO - Reading train file
2018-03-29 22:53:49,273 - __main__ - INFO - Reading test file
2018-03-29 22:54:21,244 - __main__ - INFO - Generating train and validation sets
2018-03-29 22:54:21,851 - __main__ - INFO - check model performance on validation set
2018-03-29 23:10:14,554 - __main__ - INFO - Reading train file
2018-03-29 23:10:36,619 - __main__ - INFO - Reading test file
2018-03-29 23:11:09,093 - __main__ - INFO - Generating train and validation sets
2018-03-29 23:12:02,252 - __main__ - INFO - Reading train file
2018-03-29 23:12:23,923 - __main__ - INFO - Reading test file
2018-03-29 23:12:55,906 - __main__ - INFO - Generating train and validation sets
2018-03-29 23:12:56,854 - __main__ - INFO - check model performance on validation set
2018-03-29 23:14:38,471 - __main__ - INFO - Reading train file
2018-03-29 23:15:01,036 - __main__ - INFO - Reading test file
2018-03-29 23:15:32,593 - __main__ - INFO - Generating train and validation sets
2018-03-29 23:15:33,570 - __main__ - INFO - check model performance on validation set
2018-03-29 23:16:06,421 - __main__ - INFO - Reading train file
2018-03-29 23:16:28,258 - __main__ - INFO - Reading test file
2018-03-29 23:17:00,535 - __main__ - INFO - Generating train and validation sets
2018-03-29 23:17:01,508 - __main__ - INFO - check model performance on validation set
2018-03-29 23:17:27,841 - __main__ - INFO - Reading train file
2018-03-29 23:17:49,421 - __main__ - INFO - Reading test file
2018-03-29 23:18:21,365 - __main__ - INFO - Generating train and validation sets
2018-03-29 23:19:07,186 - __main__ - INFO - Reading train file
2018-03-29 23:19:29,450 - __main__ - INFO - Reading test file
2018-03-29 23:20:01,929 - __main__ - INFO - Generating train and validation sets
2018-03-29 23:20:02,927 - __main__ - INFO - check model performance on validation set
2018-03-29 23:20:21,103 - __main__ - INFO - Reading train file
2018-03-29 23:20:42,546 - __main__ - INFO - Reading test file
2018-03-29 23:21:13,796 - __main__ - INFO - Generating train and validation sets
2018-03-29 23:21:14,767 - __main__ - INFO - check model performance on validation set
2018-03-29 23:21:51,153 - __main__ - INFO - Reading train file
2018-03-29 23:22:12,448 - __main__ - INFO - Reading test file
2018-03-29 23:22:44,066 - __main__ - INFO - Generating train and validation sets
2018-03-29 23:22:45,026 - __main__ - INFO - check model performance on validation set
2018-03-29 23:24:11,625 - __main__ - INFO - Reading train file
2018-03-29 23:24:33,015 - __main__ - INFO - Reading test file
2018-03-29 23:25:05,794 - __main__ - INFO - Generating train and validation sets
2018-03-29 23:25:07,457 - __main__ - INFO - check model performance on validation set
2018-03-29 23:25:53,816 - __main__ - INFO - Reading train file
2018-03-29 23:26:15,492 - __main__ - INFO - Reading test file
2018-03-29 23:26:48,538 - __main__ - INFO - Generating train and validation sets
2018-03-29 23:26:50,049 - __main__ - INFO - check model performance on validation set
2018-03-29 23:29:23,150 - __main__ - INFO - Reading train file
2018-03-29 23:29:45,706 - __main__ - INFO - Reading test file
2018-03-29 23:30:17,852 - __main__ - INFO - Generating train and validation sets
2018-03-29 23:30:19,374 - __main__ - INFO - check model performance on validation set
2018-03-29 23:32:09,073 - __main__ - INFO - Reading train file
2018-03-29 23:32:30,498 - __main__ - INFO - Reading test file
2018-03-29 23:33:04,510 - __main__ - INFO - Generating train and validation sets
2018-03-29 23:33:06,158 - __main__ - INFO - check model performance on validation set
2018-03-29 23:33:41,097 - __main__ - INFO - Reading train file
2018-03-29 23:34:02,625 - __main__ - INFO - Reading test file
2018-03-29 23:34:34,972 - __main__ - INFO - Generating train and validation sets
2018-03-29 23:34:36,750 - __main__ - INFO - check model performance on validation set
2018-03-29 23:36:05,997 - __main__ - INFO - fit model on all data and predict on test
2018-03-29 23:38:15,550 - __main__ - INFO - Write out submission
2018-03-30 19:35:20,849 - __main__ - INFO - Reading train file
2018-03-30 19:35:43,211 - __main__ - INFO - Reading test file
2018-03-30 19:36:16,308 - __main__ - INFO - Generating train and validation sets
2018-03-30 19:38:20,221 - __main__ - INFO - Reading train file
2018-03-30 19:38:42,151 - __main__ - INFO - Reading test file
2018-03-30 19:39:14,107 - __main__ - INFO - Generating train and validation sets
2018-03-30 19:39:15,848 - __main__ - INFO - check model performance on validation set
2018-03-30 19:40:36,450 - __main__ - INFO - fit model on all data and predict on test
2018-03-30 19:43:11,419 - __main__ - INFO - Write out submission
2018-03-30 19:43:12,359 - __main__ - INFO - count    8.790470e+06
mean     5.417930e-02
std      1.922434e-01
min      3.295178e-59
25%      1.681686e-08
50%      3.497788e-06
75%      4.182210e-03
max      1.000000e+00
Name: is_attributed, dtype: float64
2018-04-05 00:06:52,646 - __main__ - INFO - Reading train file
2018-04-05 00:06:53,097 - __main__ - INFO - Reading test file
2018-04-05 00:07:10,802 - __main__ - INFO - Generating train and validation sets
2018-04-05 00:07:10,844 - __main__ - INFO - check model performance on validation set
2018-04-05 00:07:11,214 - __main__ - INFO - fit model on all data and predict on test
2018-04-05 10:04:50,925 - __main__ - INFO - Reading train file
2018-04-05 10:04:51,387 - __main__ - INFO - Reading test file
2018-04-05 10:06:32,925 - __main__ - INFO - Generating train and validation sets
2018-04-05 10:06:33,319 - __main__ - INFO - check model performance on validation set
2018-04-05 10:06:34,630 - __main__ - INFO - fit model on all data and predict on test
2018-04-05 10:08:57,599 - __main__ - INFO - Reading train file
2018-04-05 10:08:58,063 - __main__ - INFO - Reading test file
2018-04-05 10:10:21,417 - __main__ - INFO - Generating train and validation sets
2018-04-05 10:10:21,448 - __main__ - INFO - check model performance on validation set
2018-04-05 10:10:21,863 - __main__ - INFO - fit model on all data and predict on test
2018-04-05 10:12:09,955 - __main__ - INFO - Write out submission
2018-04-05 10:12:12,498 - __main__ - INFO - count    1.879047e+07
mean     3.254540e-04
std      1.086070e-02
min      1.958650e-14
25%      9.643688e-09
50%      7.914527e-08
75%      6.831496e-07
max      9.996275e-01
Name: is_attributed, dtype: float64
2018-04-06 09:39:52,064 - __main__ - INFO - Reading train file
2018-04-06 09:39:52,506 - __main__ - INFO - Reading test file
2018-04-06 09:41:18,504 - __main__ - INFO - Generating train and validation sets
2018-04-06 09:41:18,846 - __main__ - INFO - check model performance on validation set
2018-04-06 09:41:20,012 - __main__ - INFO - fit model on all data and predict on test
2018-04-06 09:42:20,815 - __main__ - INFO - Reading train file
2018-04-06 09:42:21,278 - __main__ - INFO - Reading test file
2018-04-06 09:43:45,698 - __main__ - INFO - Generating train and validation sets
2018-04-06 09:43:45,727 - __main__ - INFO - check model performance on validation set
2018-04-06 09:43:46,052 - __main__ - INFO - fit model on all data and predict on test
2018-04-06 09:45:32,219 - __main__ - INFO - Write out submission
2018-04-06 09:45:34,669 - __main__ - INFO - count    1.879047e+07
mean     5.727953e-04
std      1.535891e-02
min      3.575367e-14
25%      9.904061e-09
50%      7.724813e-08
75%      5.253234e-07
max      9.981980e-01
Name: is_attributed, dtype: float64
2018-04-10 18:14:58,574 - __main__ - INFO - Reading train file
2018-04-10 18:14:59,024 - __main__ - INFO - Reading test file
2018-04-10 18:19:00,453 - __main__ - INFO - Generating train and validation sets
2018-04-10 18:20:03,658 - __main__ - INFO - check model performance on validation set
2018-04-10 18:20:04,888 - __main__ - INFO - Validation score is 0.8310786435786435
2018-04-10 18:21:01,652 - __main__ - INFO - fit model on all data and predict on test
2018-04-10 18:23:21,068 - __main__ - INFO - Write out submission
2018-04-10 18:23:23,339 - __main__ - INFO - count    1.879047e+07
mean     8.539679e-04
std      2.139669e-02
min      5.813236e-18
25%      3.037596e-10
50%      3.451659e-09
75%      3.878633e-08
max      9.999647e-01
Name: is_attributed, dtype: float64
2018-04-10 18:23:23,342 - __main__ - INFO -    click_id  is_attributed
0         0   1.648832e-08
1         1   2.972032e-09
2         2   3.508177e-10
3         3   2.382687e-09
4         4   3.217717e-10
2018-04-10 18:34:20,467 - __main__ - INFO - Reading train file
2018-04-10 18:34:20,933 - __main__ - INFO - Reading test file
2018-04-10 18:35:53,787 - __main__ - INFO - Generating train and validation sets
2018-04-10 18:35:53,817 - __main__ - INFO - check model performance on validation set
2018-04-10 18:35:54,122 - __main__ - INFO - Validation score is 0.8310786435786435
2018-04-10 18:35:54,122 - __main__ - INFO - fit model on all data and predict on test
2018-04-10 18:36:31,736 - __main__ - INFO - Reading train file
2018-04-10 18:36:32,195 - __main__ - INFO - Reading test file
2018-04-10 18:38:06,349 - __main__ - INFO - Generating train and validation sets
2018-04-10 18:38:06,421 - __main__ - INFO - check model performance on validation set
2018-04-10 18:38:07,425 - __main__ - INFO - Validation score is 0.8310786435786435
2018-04-10 18:38:07,425 - __main__ - INFO - fit model on all data and predict on test
2018-04-10 18:41:39,711 - __main__ - INFO - Reading train file
2018-04-10 18:41:40,160 - __main__ - INFO - Reading test file
2018-04-10 18:43:10,002 - __main__ - INFO - Generating train and validation sets
2018-04-10 18:43:10,029 - __main__ - INFO - check model performance on validation set
2018-04-10 18:43:10,316 - __main__ - INFO - Validation score is 0.8310786435786435
2018-04-10 18:43:10,316 - __main__ - INFO - fit model on all data and predict on test
2018-04-10 18:48:49,450 - __main__ - INFO - Reading train file
2018-04-10 18:48:49,915 - __main__ - INFO - Reading test file
2018-04-10 18:50:24,354 - __main__ - INFO - Generating train and validation sets
2018-04-10 18:50:24,383 - __main__ - INFO - check model performance on validation set
2018-04-10 18:50:24,632 - __main__ - INFO - Validation score is 0.8310786435786435
2018-04-10 18:50:24,632 - __main__ - INFO - fit model on all data and predict on test
2018-04-10 18:52:26,728 - __main__ - INFO - Write out submission
2018-04-10 18:52:29,735 - __main__ - INFO - count    1.879047e+07
mean     8.539685e-04
std      2.139670e-02
min      5.813236e-18
25%      3.037596e-10
50%      3.451659e-09
75%      3.878633e-08
max      9.999647e-01
Name: is_attributed, dtype: float64
2018-04-10 18:52:29,752 - __main__ - INFO -    click_id  is_attributed
0         0   1.648832e-08
1         1   2.972032e-09
2         2   3.508177e-10
3         3   2.382687e-09
4         4   3.217717e-10
2018-04-11 14:00:56,742 - __main__ - INFO - Reading train file
2018-04-11 14:00:57,189 - __main__ - INFO - Reading test file
2018-04-11 14:02:47,088 - __main__ - INFO - Generating train and validation sets
2018-04-11 14:03:07,859 - __main__ - INFO - check model performance on validation set
2018-04-11 14:03:09,061 - __main__ - INFO - Validation score is 0.8318972033257747
2018-04-11 14:03:24,821 - __main__ - INFO - fit model on all data and predict on test
2018-04-11 14:06:54,124 - __main__ - INFO - fit model on all data and predict on test
2018-04-11 14:10:37,766 - __main__ - INFO - Reading train file
2018-04-11 14:10:38,252 - __main__ - INFO - Reading test file
2018-04-11 15:01:04,186 - __main__ - INFO - Generating train and validation sets
2018-04-11 15:01:18,933 - __main__ - INFO - Generating train and validation sets
2018-04-11 15:01:21,676 - __main__ - INFO - check model performance on validation set
2018-04-11 15:01:23,411 - __main__ - INFO - Validation score is 0.9913832199546485
2018-04-11 15:02:04,284 - __main__ - INFO - fit model on all data and predict on test
2018-04-11 15:03:40,438 - __main__ - INFO - Write out submission
2018-04-11 15:03:42,764 - __main__ - INFO - count    1.879047e+07
mean     3.431310e-03
std      2.530471e-02
min      6.400159e-05
25%      1.505698e-04
50%      2.684492e-04
75%      8.721780e-04
max      9.608118e-01
Name: is_attributed, dtype: float64
2018-04-11 15:03:42,768 - __main__ - INFO -    click_id  is_attributed
0         0       0.000399
1         1       0.000282
2         2       0.000288
3         3       0.000151
4         4       0.000151
2018-04-11 15:09:44,523 - __main__ - INFO - check model performance on validation set
2018-04-11 15:09:44,856 - __main__ - INFO - Validation score is 0.8322751322751322
2018-04-11 15:09:55,923 - __main__ - INFO - Generating train and validation sets
2018-04-11 15:09:57,291 - __main__ - INFO - check model performance on validation set
2018-04-11 15:09:57,734 - __main__ - INFO - Validation score is 0.9641723356009071
2018-04-11 15:10:03,255 - __main__ - INFO - check model performance on validation set
2018-04-11 15:10:03,655 - __main__ - INFO - Validation score is 0.9641723356009071
2018-04-11 15:10:06,897 - __main__ - INFO - check model performance on validation set
2018-04-11 15:10:07,264 - __main__ - INFO - Validation score is 0.9641723356009071
2018-04-11 15:10:22,876 - __main__ - INFO - Generating train and validation sets
2018-04-11 15:10:24,758 - __main__ - INFO - check model performance on validation set
2018-04-11 15:10:25,148 - __main__ - INFO - Validation score is 0.9641723356009071
2018-04-11 15:10:26,890 - __main__ - INFO - fit model on all data and predict on test
2018-04-11 15:13:31,045 - __main__ - INFO - check model performance on validation set
2018-04-11 15:13:32,271 - __main__ - INFO - Validation score is 0.8322751322751322
2018-04-11 15:14:23,227 - __main__ - INFO - check model performance on validation set
2018-04-11 15:14:23,465 - __main__ - INFO - Validation score is 0.8322751322751322
2018-04-11 15:14:41,865 - __main__ - INFO - check model performance on validation set
2018-04-11 15:14:42,098 - __main__ - INFO - Validation score is 0.8322751322751322
2018-04-11 15:15:22,506 - __main__ - INFO - Generating train and validation sets
2018-04-11 15:15:25,590 - __main__ - INFO - check model performance on validation set
2018-04-11 15:15:25,969 - __main__ - INFO - Validation score is 0.9641723356009071
2018-04-11 15:18:17,708 - __main__ - INFO - fit model on all data and predict on test
2018-04-11 15:37:36,638 - __main__ - INFO - check model performance on validation set
2018-04-11 15:37:37,339 - __main__ - INFO - Validation score is 0.8322751322751322
2018-04-11 15:37:52,355 - __main__ - INFO - fit model on all data and predict on test
2018-04-11 15:38:39,750 - __main__ - INFO - check model performance on validation set
2018-04-11 15:38:40,918 - __main__ - INFO - Validation score is 0.9641723356009071
2018-04-11 15:39:34,513 - __main__ - INFO - check model performance on validation set
2018-04-11 15:39:35,156 - __main__ - INFO - Validation score is 0.9913832199546485
2018-04-11 15:39:48,901 - __main__ - INFO - fit model on all data and predict on test
2018-04-11 15:41:03,456 - __main__ - INFO - Generating train and validation sets
2018-04-11 15:41:05,255 - __main__ - INFO - check model performance on validation set
2018-04-11 15:41:06,082 - __main__ - INFO - Validation score is 0.9922902494331065
2018-04-11 15:41:13,575 - __main__ - INFO - Generating train and validation sets
2018-04-11 15:41:14,215 - __main__ - INFO - check model performance on validation set
2018-04-11 15:41:14,749 - __main__ - INFO - Validation score is 0.9962207105064248
2018-04-11 15:41:29,545 - __main__ - INFO - fit model on all data and predict on test
2018-04-11 15:42:56,376 - __main__ - INFO - Reading train file
2018-04-11 15:42:56,862 - __main__ - INFO - Reading test file
2018-04-11 15:46:10,125 - __main__ - INFO - Generating train and validation sets
2018-04-11 15:46:11,051 - __main__ - INFO - check model performance on validation set
2018-04-11 15:46:12,017 - __main__ - INFO - Validation score is 0.9962207105064248
2018-04-11 15:46:57,718 - __main__ - INFO - fit model on all data and predict on test
2018-04-11 15:48:44,417 - __main__ - INFO - Write out submission
2018-04-11 15:48:47,123 - __main__ - INFO - count    1.879047e+07
mean     2.766640e-03
std      1.967497e-02
min      6.260621e-05
25%      1.296857e-04
50%      2.028675e-04
75%      4.760862e-04
max      5.788093e-01
Name: is_attributed, dtype: float64
2018-04-11 15:48:47,132 - __main__ - INFO -    click_id  is_attributed
0         0       0.000780
1         1       0.001673
2         2       0.000187
3         3       0.000543
4         4       0.000169
2018-04-11 15:50:00,160 - __main__ - INFO - Reading train file
2018-04-11 15:50:00,595 - __main__ - INFO - Reading test file
2018-04-11 15:51:30,003 - __main__ - INFO - Generating train and validation sets
2018-04-11 15:51:30,032 - __main__ - INFO - check model performance on validation set
2018-04-11 15:51:30,420 - __main__ - INFO - Validation score is 0.9704409317803662
2018-04-11 15:51:30,420 - __main__ - INFO - fit model on all data and predict on test
2018-04-11 15:53:09,278 - __main__ - INFO - Write out submission
2018-04-11 15:53:12,364 - __main__ - INFO - count    1.879047e+07
mean     9.928935e-04
std      1.731558e-02
min      2.410666e-12
25%      8.018812e-08
50%      4.543778e-07
75%      2.837714e-06
max      9.869269e-01
Name: is_attributed, dtype: float64
2018-04-11 15:53:12,385 - __main__ - INFO -    click_id  is_attributed
0         0   8.814294e-07
1         1   1.496463e-06
2         2   2.632718e-06
3         3   6.018077e-07
4         4   5.236741e-08
2018-04-11 17:53:01,859 - __main__ - INFO - Reading train file
2018-04-11 17:53:02,305 - __main__ - INFO - Reading test file
